\BOOKMARK [0][-]{titlepage.0}{\376\377\134\001\227\142}{}% 1
\BOOKMARK [0][-]{cabstract.0}{\376\377\144\130\211\201}{}% 2
\BOOKMARK [0][-]{eabstract.0}{\376\377\000A\000B\000S\000T\000R\000A\000C\000T}{}% 3
\BOOKMARK [0][-]{contents.0}{\376\377\166\356\137\125}{}% 4
\BOOKMARK [0][-]{chapter*.5}{\376\377\137\025\212\000}{}% 5
\BOOKMARK [0][-]{chapter.1}{\376\377\166\370\121\163\135\345\117\134}{}% 6
\BOOKMARK [0][-]{chapter.2}{\376\377\230\204\131\007\167\345\213\306\116\313\176\315}{}% 7
\BOOKMARK [1][-]{section.2.1}{\376\377\000H\000B\000a\000s\000e\173\200\116\313}{chapter.2}% 8
\BOOKMARK [1][-]{section.2.2}{\376\377\126\376\145\160\143\156\136\223\000T\000i\000t\000a\000n}{chapter.2}% 9
\BOOKMARK [1][-]{section.2.3}{\376\377\126\376\145\160\143\156\136\223\000T\000i\000t\000a\000n\166\204\134\100\226\120\140\047}{chapter.2}% 10
\BOOKMARK [0][-]{chapter.3}{\376\377\000H\000y\000b\000r\000i\000G\166\204\174\373\176\337\147\266\147\204\151\202\217\360}{}% 11
\BOOKMARK [0][-]{chapter.4}{\376\377\000S\000t\000o\000r\000a\000g\000e\000\040\000L\000a\000y\000e\000r}{}% 12
\BOOKMARK [0][-]{chapter.5}{\376\377\000Q\000u\000e\000r\000y\000\040\000A\000d\000a\000p\000t\000e\000r}{}% 13
\BOOKMARK [1][-]{section.5.1}{\376\377\147\345\213\342\213\276\213\241}{chapter.5}% 14
\BOOKMARK [1][-]{section.5.2}{\376\377\147\345\213\342\133\236\163\260}{chapter.5}% 15
\BOOKMARK [2][-]{subsection.5.2.1}{\376\377\116\305\117\235\215\126\000T\000i\000t\000a\000n\145\160\143\156\166\204\147\345\213\342}{section.5.2}% 16
\BOOKMARK [2][-]{subsection.5.2.2}{\376\377\121\163\200\124\000T\000i\000t\000a\000n\124\214\000H\000B\000a\000s\000e\145\160\143\156\166\204\147\345\213\342}{section.5.2}% 17
\BOOKMARK [1][-]{section.5.3}{\376\377\000H\000y\000b\000r\000i\000G\166\204\147\345\213\342\117\030\122\277}{chapter.5}% 18
\BOOKMARK [2][-]{subsection.5.3.1}{\376\377\220\273\127\337\160\271\226\306\166\370\121\163\147\345\213\342\166\204\117\030\122\277}{section.5.3}% 19
\BOOKMARK [2][-]{subsection.5.3.2}{\376\377\217\271\226\306\166\370\121\163\147\345\213\342\166\204\117\030\122\277}{section.5.3}% 20
\BOOKMARK [0][-]{chapter.6}{\376\377\000D\000a\000t\000a\000\040\000L\000o\000a\000d\000e\000r}{}% 21
\BOOKMARK [1][-]{section.6.1}{\376\377\217\271\145\160\143\156\166\204\232\330\145\110\133\374\121\145}{chapter.6}% 22
\BOOKMARK [1][-]{section.6.2}{\376\377\145\160\143\156\116\000\201\364\140\047}{chapter.6}% 23
\BOOKMARK [0][-]{chapter.7}{\376\377\133\236\232\214\124\214\122\006\147\220}{}% 24
\BOOKMARK [1][-]{section.7.1}{\376\377\220\273\127\337\160\271\226\306\166\370\121\163\147\345\213\342}{chapter.7}% 25
\BOOKMARK [2][-]{subsection.7.1.1}{\376\377\000k\000-\000h\000o\000p\160\271\226\306\147\345\213\342}{section.7.1}% 26
\BOOKMARK [2][-]{subsection.7.1.2}{\376\377\134\100\220\350\200\132\226\306\174\373\145\160\213\241\173\227}{section.7.1}% 27
\BOOKMARK [1][-]{section.7.2}{\376\377\217\271\226\306\166\370\121\163\147\345\213\342}{chapter.7}% 28
\BOOKMARK [2][-]{subsection.7.2.1}{\376\377\116\044\160\271\225\364\217\271\226\306\147\345\213\342}{section.7.2}% 29
\BOOKMARK [2][-]{subsection.7.2.2}{\376\377\220\273\143\245\217\271\226\306\147\345\213\342}{section.7.2}% 30
\BOOKMARK [1][-]{section.7.3}{\376\377\217\271\145\160\143\156\166\204\133\374\121\145\220\037\136\246}{chapter.7}% 31
\BOOKMARK [0][-]{chapter*.11}{\376\377\176\323\213\272}{}% 32
\BOOKMARK [0][-]{appendix*.13}{\376\377\123\302\200\003\145\207\163\056}{}% 33
\BOOKMARK [0][-]{appendix.A}{\376\377\226\104\116\366}{}% 34
\BOOKMARK [0][-]{appendix*.14}{\376\377\201\364\214\042}{}% 35
\BOOKMARK [0][-]{appendix*.15}{\376\377\123\027\116\254\131\047\133\146\133\146\117\115\213\272\145\207\123\237\122\033\140\047\130\360\146\016\124\214\117\177\165\050\143\210\147\103\213\364\146\016}{}% 36
